<?xml version="1.0" encoding="UTF-8"?>
<!-- Generated by org.testng.reporters.JUnitReportReporter -->
<testsuite skipped="0" hostname="DESKTOP-H15PPEL" name="testGitPack.TestGitClass" tests="1" failures="0" timestamp="03 Feb 2019 08:41:31 GMT" time="0.014" errors="0">
  <testcase name="testMethod" time="0.014" classname="testGitPack.TestGitClass"/>
</testsuite> <!-- testGitPack.TestGitClass -->
