<?xml version="1.0" encoding="UTF-8"?>
<!-- Generated by org.testng.reporters.JUnitReportReporter -->
<testsuite skipped="0" hostname="DESKTOP-H15PPEL" name="testGitPack.TestGitClass3" tests="1" failures="0" timestamp="03 Feb 2019 16:50:09 GMT" time="0.000" errors="0">
  <testcase name="testMethod" time="0.000" classname="testGitPack.TestGitClass3"/>
</testsuite> <!-- testGitPack.TestGitClass3 -->
